<?xml version="1.0" encoding="UTF-8"?>
<!-- Generated by org.testng.reporters.JUnitReportReporter -->
<testsuite hostname="LTIN486887" failures="0" tests="1" name="testCases.BaseClass" time="15.851" errors="0" timestamp="2024-05-29T16:40:09 IST" skipped="0">
  <testcase classname="testCases.BaseClass" name="setup" time="15.851"/>
  <system-out/>
</testsuite> <!-- testCases.BaseClass -->
