<?xml version="1.0" encoding="UTF-8"?>
<!-- Generated by org.testng.reporters.JUnitReportReporter -->
<testsuite hostname="LTIN514045" failures="0" tests="6" name="testCases.HomePageTest" time="8.390" errors="0" timestamp="2024-06-07T15:30:39 IST" skipped="0">
  <testcase classname="testCases.HomePageTest" name="clickProfile" time="4.063"/>
  <system-out/>
  <testcase classname="testCases.HomePageTest" name="getName" time="0.368"/>
  <system-out/>
  <testcase classname="testCases.HomePageTest" name="getEmail" time="0.210"/>
  <system-out/>
  <testcase classname="testCases.HomePageTest" name="clickCoFun" time="0.592"/>
  <system-out/>
  <testcase classname="testCases.HomePageTest" name="clickSecurity" time="0.590"/>
  <system-out/>
  <testcase classname="testCases.HomePageTest" name="clickIT" time="2.567"/>
  <system-out/>
</testsuite> <!-- testCases.HomePageTest -->
