<?xml version="1.0" encoding="UTF-8"?>
<!-- Generated by org.testng.reporters.JUnitReportReporter -->
<testsuite hostname="LTIN514045" failures="0" tests="6" name="testCases.GlobalITTest" time="67.013" errors="0" timestamp="2024-06-07T15:30:39 IST" skipped="0">
  <testcase classname="testCases.GlobalITTest" name="checkApplications" time="41.920"/>
  <system-out/>
  <testcase classname="testCases.GlobalITTest" name="scrollToNews" time="5.205"/>
  <system-out/>
  <testcase classname="testCases.GlobalITTest" name="scrollToAwards" time="0.414"/>
  <system-out/>
  <testcase classname="testCases.GlobalITTest" name="getNewsCount" time="0.143"/>
  <system-out/>
  <testcase classname="testCases.GlobalITTest" name="checkITNewsToolTip" time="2.435"/>
  <system-out/>
  <testcase classname="testCases.GlobalITTest" name="printItNews" time="16.896"/>
  <system-out/>
</testsuite> <!-- testCases.GlobalITTest -->
